<?xml version="1.0" encoding="UTF-8"?>
<!-- Generated by org.testng.reporters.JUnitReportReporter -->
<testsuite skipped="0" hostname="LAPTOP-5PE8I9M0" name="com.flipkart.testExecution.TC02_VerifyLogo" tests="1" failures="0" timestamp="2021-06-28T17:17:41 IST" time="12.176" errors="0">
  <testcase name="verifyLogoImage" time="12.176" classname="com.flipkart.testExecution.TC02_VerifyLogo"/>
  <system-out/>
</testsuite> <!-- com.flipkart.testExecution.TC02_VerifyLogo -->
