<?xml version="1.0" encoding="UTF-8"?>
<!-- Generated by org.testng.reporters.JUnitReportReporter -->
<testsuite skipped="0" hostname="LAPTOP-5PE8I9M0" name="com.flipkart.testExecution.TC08_CursorOnElectronics" tests="1" failures="0" timestamp="2021-06-28T18:20:15 IST" time="20.853" errors="0">
  <testcase name="cursorOnElectronics" time="20.853" classname="com.flipkart.testExecution.TC08_CursorOnElectronics"/>
  <system-out/>
</testsuite> <!-- com.flipkart.testExecution.TC08_CursorOnElectronics -->
