<?xml version="1.0" encoding="UTF-8"?>
<!-- Generated by org.testng.reporters.JUnitReportReporter -->
<testsuite skipped="0" hostname="LAPTOP-5PE8I9M0" name="com.flipkart.testExecution.TC11_SelectRemoteControlToys" tests="1" failures="0" timestamp="2021-06-29T10:36:32 IST" time="67.397" errors="0">
  <testcase name="selectToys" time="67.397" classname="com.flipkart.testExecution.TC11_SelectRemoteControlToys"/>
  <system-out/>
</testsuite> <!-- com.flipkart.testExecution.TC11_SelectRemoteControlToys -->
