<?xml version="1.0" encoding="UTF-8"?>
<!-- Generated by org.testng.reporters.JUnitReportReporter -->
<testsuite skipped="0" hostname="LAPTOP-5PE8I9M0" name="com.flipkart.testExecution.TC01_LauchFlipkart" tests="1" failures="0" timestamp="2021-06-28T18:19:33 IST" time="27.022" errors="0">
  <testcase name="lauchApplication" time="27.022" classname="com.flipkart.testExecution.TC01_LauchFlipkart"/>
  <system-out/>
</testsuite> <!-- com.flipkart.testExecution.TC01_LauchFlipkart -->
