<?xml version="1.0" encoding="UTF-8"?>
<!-- Generated by org.testng.reporters.JUnitReportReporter -->
<testsuite skipped="0" hostname="LAPTOP-5PE8I9M0" name="com.flipkart.testExecution.TC09_SearchProduct" tests="1" failures="0" timestamp="2021-06-28T17:25:09 IST" time="20.930" errors="0">
  <testcase name="searchProduct" time="20.930" classname="com.flipkart.testExecution.TC09_SearchProduct"/>
  <system-out/>
</testsuite> <!-- com.flipkart.testExecution.TC09_SearchProduct -->
