<?xml version="1.0" encoding="UTF-8"?>
<!-- Generated by org.testng.reporters.JUnitReportReporter -->
<testsuite skipped="0" hostname="LAPTOP-5PE8I9M0" name="com.flipkart.testExecution.TC10_ClickOnFlights" tests="1" failures="0" timestamp="2021-06-28T14:55:25 IST" time="41.631" errors="0">
  <testcase name="selectFlights" time="41.631" classname="com.flipkart.testExecution.TC10_ClickOnFlights"/>
  <system-out/>
</testsuite> <!-- com.flipkart.testExecution.TC10_ClickOnFlights -->
