<?xml version="1.0" encoding="UTF-8"?>
<!-- Generated by org.testng.reporters.JUnitReportReporter -->
<testsuite skipped="0" hostname="LAPTOP-5PE8I9M0" name="com.flipkart.testExecution.TC03_Login" tests="1" failures="0" timestamp="2021-06-28T11:57:57 IST" time="40.146" errors="0">
  <testcase name="login" time="40.146" classname="com.flipkart.testExecution.TC03_Login"/>
  <system-out/>
</testsuite> <!-- com.flipkart.testExecution.TC03_Login -->
