<?xml version="1.0" encoding="UTF-8"?>
<!-- Generated by org.testng.reporters.JUnitReportReporter -->
<testsuite skipped="0" hostname="LAPTOP-5PE8I9M0" name="com.flipkart.testExecution.TC05_Login" tests="1" failures="0" timestamp="2021-06-28T17:18:23 IST" time="15.269" errors="0">
  <testcase name="login" time="15.269" classname="com.flipkart.testExecution.TC05_Login"/>
  <system-out/>
</testsuite> <!-- com.flipkart.testExecution.TC05_Login -->
