<?xml version="1.0" encoding="UTF-8"?>
<!-- Generated by org.testng.reporters.JUnitReportReporter -->
<testsuite skipped="0" hostname="LAPTOP-5PE8I9M0" name="com.flipkart.testExecution.TC07_NavigationTest" tests="1" failures="0" timestamp="2021-06-28T17:23:23 IST" time="40.739" errors="0">
  <testcase name="Navigation" time="40.739" classname="com.flipkart.testExecution.TC07_NavigationTest"/>
  <system-out/>
</testsuite> <!-- com.flipkart.testExecution.TC07_NavigationTest -->
