<?xml version="1.0" encoding="UTF-8"?>
<!-- Generated by org.testng.reporters.JUnitReportReporter -->
<testsuite skipped="0" hostname="LAPTOP-5PE8I9M0" name="com.flipkart.testExecution.TC06_LoginFailed" tests="1" failures="0" timestamp="2021-06-28T17:20:25 IST" time="15.328" errors="0">
  <testcase name="loginFailed" time="15.328" classname="com.flipkart.testExecution.TC06_LoginFailed"/>
  <system-out/>
</testsuite> <!-- com.flipkart.testExecution.TC06_LoginFailed -->
